<?xml version="1.0" encoding="UTF-8"?>
<!-- Generated by org.testng.reporters.JUnitReportReporter -->
<testsuite hostname="DESKTOP-22OV6SS" failures="0" tests="3" name="Aspirepac.NewTest" time="31.205" errors="0" timestamp="2022-01-27T09:47:58 IST" skipped="0">
  <testcase classname="Aspirepac.NewTest" name="login" time="10.018"/>
  <system-out/>
  <testcase classname="Aspirepac.NewTest" name="launch" time="21.174"/>
  <system-out/>
  <testcase classname="Aspirepac.NewTest" name="validateTitle" time="0.013"/>
  <system-out/>
</testsuite> <!-- Aspirepac.NewTest -->
