<?xml version="1.0" encoding="UTF-8"?>
<!-- Generated by org.testng.reporters.JUnitReportReporter -->
<testsuite hostname="DESKTOP-22OV6SS" failures="0" tests="3" name="Aspirepac.InventoryTest" time="50.890" errors="0" timestamp="2022-01-26T11:02:47 IST" skipped="0">
  <testcase classname="Aspirepac.InventoryTest" name="verifyUpdateValue" time="17.706"/>
  <system-out/>
  <testcase classname="Aspirepac.InventoryTest" name="clickAndVerifyInventoryPage" time="14.950"/>
  <system-out/>
  <testcase classname="Aspirepac.InventoryTest" name="verifyProduct" time="18.234"/>
  <system-out/>
</testsuite> <!-- Aspirepac.InventoryTest -->
