<?xml version="1.0" encoding="UTF-8"?>
<!-- Generated by org.testng.reporters.JUnitReportReporter -->
<testsuite hostname="DESKTOP-22OV6SS" failures="0" tests="3" name="Aspirepac.NewTest" time="16.799" errors="0" timestamp="2022-01-26T11:02:47 IST" skipped="0">
  <testcase classname="Aspirepac.NewTest" name="login" time="9.782"/>
  <system-out/>
  <testcase classname="Aspirepac.NewTest" name="launch" time="7.004"/>
  <system-out/>
  <testcase classname="Aspirepac.NewTest" name="validateTitle" time="0.013"/>
  <system-out/>
</testsuite> <!-- Aspirepac.NewTest -->
